<?xml version="1.0" encoding="UTF-8"?>
<testsuite xmlns:xsi="http://www.w3.org/2001/XMLSchema-instance" xsi:noNamespaceSchemaLocation="https://maven.apache.org/surefire/maven-surefire-plugin/xsd/surefire-test-report-3.0.xsd" version="3.0" name="com.perforce.performance.tests.PageLoadAnalyzerTest" time="43.706" tests="1" errors="0" skipped="0" failures="0">
  <properties>
[...]
</properties>
  <testcase name="testPageLoadAnalysis[http://vishal.mdx.perforce.com:3000/#/security/signin,http://vishal.mdx.perforce.com:3000/#/home](1)" classname="com.perforce.performance.tests.PageLoadAnalyzerTest" time="41.003">
    <system-out><![CDATA[11:26:39.509 [main] INFO  c.p.performance.config.ConfigReader - Configuration loaded successfully
11:26:39.666 [main] INFO  c.p.p.reports.HtmlReportManager - HTML Report initialized: reports/performance-report-2026-04-02_11-26-39.html
11:26:39.666 [main] INFO  c.p.p.tests.PageLoadAnalyzerTest - === Web Performance Test Suite Started ===
11:26:41.465 [main] INFO  c.p.performance.driver.DriverManager - ChromeDriver initialized successfully
11:26:41.465 [main] INFO  c.p.p.tests.PageLoadAnalyzerTest - --- Test started: testPageLoadAnalysis ---
11:26:41.465 [main] INFO  c.p.p.tests.PageLoadAnalyzerTest - Page Load Analyzer: 2 URL(s) ? [http://vishal.mdx.perforce.com:3000/#/security/signin, http://vishal.mdx.perforce.com:3000/#/home]
11:26:41.650 [main] INFO  c.p.performance.driver.DriverManager - ChromeDriver closed
11:26:41.657 [main] INFO  c.p.p.agent.PageLoadAnalyzerAgent - ????????????????????????????????????????????????????????????
11:26:41.657 [main] INFO  c.p.p.agent.PageLoadAnalyzerAgent - ?   PageLoadAnalyzerAgent — 2 URL(s) to analyze           
11:26:41.657 [main] INFO  c.p.p.agent.PageLoadAnalyzerAgent - ????????????????????????????????????????????????????????????
11:26:41.662 [main] INFO  c.p.p.agent.PageLoadAnalyzerAgent - [1/2] Analyzing: vishal.mdx.perforce.com / Signin — http://vishal.mdx.perforce.com:3000/#/security/signin
11:26:41.664 [main] INFO  c.p.p.reports.HtmlReportManager - Per-page HTML report initialized: reports/page-load-vishal.mdx.perforce.com___Signin-2026-04-02_11-26-41-663.html
11:26:43.011 [main] INFO  c.p.performance.driver.DriverManager - ChromeDriver initialized successfully
11:26:52.595 [main] INFO  c.p.p.agent.PageLoadAnalyzerAgent - [agent] Redirected to login — logging in as 'admin'
11:26:52.609 [main] INFO  c.p.performance.pages.LoginPage - Entering username
11:26:52.720 [main] INFO  c.p.performance.pages.LoginPage - Entering password
11:26:52.814 [main] INFO  c.p.performance.pages.LoginPage - Clicking login button
11:26:52.880 [main] INFO  c.p.p.agent.PageLoadAnalyzerAgent - [agent] Waiting for home page to be fully ready...
11:26:53.111 [main] INFO  c.p.p.pages.NavigationRouter - Waiting for current page  (path='security/signin', segment='signin', url=http://vishal.mdx.perforce.com:3000/#/security/signin)
11:26:53.111 [main] INFO  c.p.p.pages.NavigationRouter - Executing handler for [security/signin]
11:26:53.111 [main] INFO  c.p.p.pages.NavigationRouter - [handler] signin — waiting for login form
11:26:53.143 [main] INFO  c.p.p.pages.NavigationRouter - [handler] signin — ready
11:26:53.143 [main] INFO  c.p.p.pages.NavigationRouter - Page confirmed ready ? [http://vishal.mdx.perforce.com:3000/#/security/signin]
11:26:53.143 [main] INFO  c.p.p.agent.PageLoadAnalyzerAgent - [agent] Home page ready — URL: http://vishal.mdx.perforce.com:3000/#/security/signin
11:26:53.143 [main] INFO  c.p.p.agent.PageLoadAnalyzerAgent - [agent] Navigating to target page: http://vishal.mdx.perforce.com:3000/#/security/signin
11:26:53.143 [main] INFO  c.p.p.pages.NavigationRouter - Navigating ? [http://vishal.mdx.perforce.com:3000/#/security/signin]  (path='security/signin', segment='signin')
11:26:53.143 [main] INFO  c.p.p.pages.NavigationRouter - No click action registered for 'security/signin' — using direct URL navigation
11:26:53.165 [main] INFO  c.p.p.pages.NavigationRouter - Executing handler for [security/signin]
11:26:53.165 [main] INFO  c.p.p.pages.NavigationRouter - [handler] signin — waiting for login form
11:26:53.209 [main] INFO  c.p.p.pages.NavigationRouter - [handler] signin — ready
11:26:53.210 [main] INFO  c.p.p.pages.NavigationRouter - Page confirmed ready ? [http://vishal.mdx.perforce.com:3000/#/security/signin]
11:26:55.277 [main] INFO  c.p.p.metrics.MetricsCollector - Collected: [vishal.mdx.perforce.com / Signin] Load=9339ms | FCP=5492ms | LCP=9380ms | TTI=1389ms | CLS=0.023 | TTFB=867ms | AG-Grid=0ms | Overall=POOR
11:26:55.568 [main] INFO  c.p.performance.driver.DriverManager - ChromeDriver closed
11:26:55.587 [main] INFO  c.p.p.reports.HtmlReportManager - Report entry added for: Page Load Analysis: vishal.mdx.perforce.com / Signin
11:26:55.910 [main] INFO  c.p.p.reports.HtmlReportManager - HTML Report saved: reports/page-load-vishal.mdx.perforce.com___Signin-2026-04-02_11-26-41-663.html
11:26:55.911 [main] INFO  c.p.p.agent.PageLoadAnalyzerAgent - ????????????????????????????????????????????????????????????
11:26:55.911 [main] INFO  c.p.p.agent.PageLoadAnalyzerAgent - ?             PAGE LOAD PERFORMANCE ANALYSIS               ?
11:26:55.911 [main] INFO  c.p.p.agent.PageLoadAnalyzerAgent - ????????????????????????????????????????????????????????????
11:26:55.911 [main] INFO  c.p.p.agent.PageLoadAnalyzerAgent - ?  URL       : http://vishal.mdx.perforce.com:3000/#/security/signin
11:26:55.911 [main] INFO  c.p.p.agent.PageLoadAnalyzerAgent - ?  Page Name : vishal.mdx.perforce.com / Signin
11:26:55.911 [main] INFO  c.p.p.agent.PageLoadAnalyzerAgent - ????????????????????????????????????????????????????????????
11:26:55.911 [main] INFO  c.p.p.agent.PageLoadAnalyzerAgent - ?  Metric                  ?   Value    ?  Status          ?
11:26:55.911 [main] INFO  c.p.p.agent.PageLoadAnalyzerAgent - ????????????????????????????????????????????????????????????
11:26:55.911 [main] INFO  c.p.p.agent.PageLoadAnalyzerAgent - ?  Page Load Time          ? 9339    ms ?  POOR            ?
11:26:55.911 [main] INFO  c.p.p.agent.PageLoadAnalyzerAgent - ?  TTFB                    ? 867     ms ?  NEEDS IMPROVEMENT?
11:26:55.911 [main] INFO  c.p.p.agent.PageLoadAnalyzerAgent - ?  FCP                     ? 5492    ms ?  POOR            ?
11:26:55.913 [main] INFO  c.p.p.agent.PageLoadAnalyzerAgent - ?  LCP                     ? 9380    ms ?  POOR            ?
11:26:55.913 [main] INFO  c.p.p.agent.PageLoadAnalyzerAgent - ?  TTI                     ? 1389    ms ?  GOOD            ?
11:26:55.913 [main] INFO  c.p.p.agent.PageLoadAnalyzerAgent - ?  CLS                     ? 0.0234     ?  GOOD            ?
11:26:55.913 [main] INFO  c.p.p.agent.PageLoadAnalyzerAgent - ????????????????????????????????????????????????????????????
11:26:55.913 [main] INFO  c.p.p.agent.PageLoadAnalyzerAgent - ?  DNS Lookup              ? 246     ms ?                  ?
11:26:55.913 [main] INFO  c.p.p.agent.PageLoadAnalyzerAgent - ?  TCP Connect             ? 252     ms ?                  ?
11:26:55.913 [main] INFO  c.p.p.agent.PageLoadAnalyzerAgent - ?  DOM Interactive         ? 1389    ms ?                  ?
11:26:55.913 [main] INFO  c.p.p.agent.PageLoadAnalyzerAgent - ?  DOM Content Loaded      ? 5122    ms ?                  ?
11:26:55.913 [main] INFO  c.p.p.agent.PageLoadAnalyzerAgent - ?  Total Resources         ? 51         ?                  ?
11:26:55.913 [main] INFO  c.p.p.agent.PageLoadAnalyzerAgent - ?  Transfer Size           ? 6272    KB ?                  ?
11:26:55.913 [main] INFO  c.p.p.agent.PageLoadAnalyzerAgent - ????????????????????????????????????????????????????????????
11:26:55.913 [main] INFO  c.p.p.agent.PageLoadAnalyzerAgent - ?  OVERALL STATUS : POOR
11:26:55.913 [main] INFO  c.p.p.agent.PageLoadAnalyzerAgent - ????????????????????????????????????????????????????????????
11:26:55.913 [main] INFO  c.p.p.agent.PageLoadAnalyzerAgent - [2/2] Analyzing: vishal.mdx.perforce.com / Home — http://vishal.mdx.perforce.com:3000/#/home
11:26:55.916 [main] INFO  c.p.p.reports.HtmlReportManager - Per-page HTML report initialized: reports/page-load-vishal.mdx.perforce.com___Home-2026-04-02_11-26-55-916.html
11:26:57.157 [main] INFO  c.p.performance.driver.DriverManager - ChromeDriver initialized successfully
11:27:07.054 [main] INFO  c.p.p.agent.PageLoadAnalyzerAgent - [agent] Redirected to login — logging in as 'admin'
11:27:07.055 [main] INFO  c.p.performance.pages.LoginPage - Entering username
11:27:07.170 [main] INFO  c.p.performance.pages.LoginPage - Entering password
11:27:07.242 [main] INFO  c.p.performance.pages.LoginPage - Clicking login button
11:27:07.307 [main] INFO  c.p.p.agent.PageLoadAnalyzerAgent - [agent] Waiting for home page to be fully ready...
11:27:07.533 [main] INFO  c.p.p.pages.NavigationRouter - Waiting for current page  (path='security/signin', segment='signin', url=http://vishal.mdx.perforce.com:3000/#/security/signin?redirect=%2Fhome)
11:27:07.534 [main] INFO  c.p.p.pages.NavigationRouter - Executing handler for [security/signin]
11:27:07.534 [main] INFO  c.p.p.pages.NavigationRouter - [handler] signin — waiting for login form
11:27:07.569 [main] INFO  c.p.p.pages.NavigationRouter - [handler] signin — ready
11:27:07.569 [main] INFO  c.p.p.pages.NavigationRouter - Page confirmed ready ? [http://vishal.mdx.perforce.com:3000/#/security/signin?redirect=%2Fhome]
11:27:07.571 [main] INFO  c.p.p.agent.PageLoadAnalyzerAgent - [agent] Home page ready — URL: http://vishal.mdx.perforce.com:3000/#/security/signin?redirect=%2Fhome
11:27:07.587 [main] INFO  c.p.p.agent.PageLoadAnalyzerAgent - [agent] Navigating to target page: http://vishal.mdx.perforce.com:3000/#/home
11:27:07.587 [main] INFO  c.p.p.pages.NavigationRouter - Navigating ? [http://vishal.mdx.perforce.com:3000/#/home]  (path='home', segment='home')
11:27:07.587 [main] INFO  c.p.performance.pages.AppNavigator - Clicking navigation action for [home]
11:27:07.587 [main] INFO  c.p.performance.pages.AppNavigator - [action] home — product logo click
11:27:09.670 [main] INFO  c.p.p.pages.NavigationRouter - Executing handler for [home]
11:27:09.670 [main] INFO  c.p.p.pages.NavigationRouter - [handler] home — waiting for dashboard
11:27:19.749 [main] INFO  c.p.p.pages.NavigationRouter - [handler] home — ready
11:27:19.749 [main] INFO  c.p.p.pages.NavigationRouter - Page confirmed ready ? [http://vishal.mdx.perforce.com:3000/#/home]
11:27:21.434 [main] INFO  c.p.p.metrics.MetricsCollector - Collected: [vishal.mdx.perforce.com / Home] Load=9631ms | FCP=4488ms | LCP=9676ms | TTI=524ms | CLS=0.023 | TTFB=253ms | AG-Grid=0ms | Overall=POOR
11:27:21.632 [main] INFO  c.p.performance.driver.DriverManager - ChromeDriver closed
11:27:21.634 [main] INFO  c.p.p.reports.HtmlReportManager - Report entry added for: Page Load Analysis: vishal.mdx.perforce.com / Home
11:27:21.681 [main] INFO  c.p.p.reports.HtmlReportManager - HTML Report saved: reports/page-load-vishal.mdx.perforce.com___Home-2026-04-02_11-26-55-916.html
11:27:21.681 [main] INFO  c.p.p.agent.PageLoadAnalyzerAgent - ????????????????????????????????????????????????????????????
11:27:21.681 [main] INFO  c.p.p.agent.PageLoadAnalyzerAgent - ?             PAGE LOAD PERFORMANCE ANALYSIS               ?
11:27:21.681 [main] INFO  c.p.p.agent.PageLoadAnalyzerAgent - ????????????????????????????????????????????????????????????
11:27:21.681 [main] INFO  c.p.p.agent.PageLoadAnalyzerAgent - ?  URL       : http://vishal.mdx.perforce.com:3000/#/home
11:27:21.681 [main] INFO  c.p.p.agent.PageLoadAnalyzerAgent - ?  Page Name : vishal.mdx.perforce.com / Home
11:27:21.681 [main] INFO  c.p.p.agent.PageLoadAnalyzerAgent - ????????????????????????????????????????????????????????????
11:27:21.681 [main] INFO  c.p.p.agent.PageLoadAnalyzerAgent - ?  Metric                  ?   Value    ?  Status          ?
11:27:21.681 [main] INFO  c.p.p.agent.PageLoadAnalyzerAgent - ????????????????????????????????????????????????????????????
11:27:21.681 [main] INFO  c.p.p.agent.PageLoadAnalyzerAgent - ?  Page Load Time          ? 9631    ms ?  POOR            ?
11:27:21.681 [main] INFO  c.p.p.agent.PageLoadAnalyzerAgent - ?  TTFB                    ? 253     ms ?  GOOD            ?
11:27:21.681 [main] INFO  c.p.p.agent.PageLoadAnalyzerAgent - ?  FCP                     ? 4488    ms ?  POOR            ?
11:27:21.681 [main] INFO  c.p.p.agent.PageLoadAnalyzerAgent - ?  LCP                     ? 9676    ms ?  POOR            ?
11:27:21.681 [main] INFO  c.p.p.agent.PageLoadAnalyzerAgent - ?  TTI                     ? 524     ms ?  GOOD            ?
11:27:21.681 [main] INFO  c.p.p.agent.PageLoadAnalyzerAgent - ?  CLS                     ? 0.0234     ?  GOOD            ?
11:27:21.681 [main] INFO  c.p.p.agent.PageLoadAnalyzerAgent - ????????????????????????????????????????????????????????????
11:27:21.681 [main] INFO  c.p.p.agent.PageLoadAnalyzerAgent - ?  DNS Lookup              ? N/A     ms ?                  ?
11:27:21.681 [main] INFO  c.p.p.agent.PageLoadAnalyzerAgent - ?  TCP Connect             ? 241     ms ?                  ?
11:27:21.681 [main] INFO  c.p.p.agent.PageLoadAnalyzerAgent - ?  DOM Interactive         ? 523     ms ?                  ?
11:27:21.681 [main] INFO  c.p.p.agent.PageLoadAnalyzerAgent - ?  DOM Content Loaded      ? 4107    ms ?                  ?
11:27:21.681 [main] INFO  c.p.p.agent.PageLoadAnalyzerAgent - ?  Total Resources         ? 54         ?                  ?
11:27:21.681 [main] INFO  c.p.p.agent.PageLoadAnalyzerAgent - ?  Transfer Size           ? 6291    KB ?                  ?
11:27:21.681 [main] INFO  c.p.p.agent.PageLoadAnalyzerAgent - ????????????????????????????????????????????????????????????
11:27:21.681 [main] INFO  c.p.p.agent.PageLoadAnalyzerAgent - ?  OVERALL STATUS : POOR
11:27:21.681 [main] INFO  c.p.p.agent.PageLoadAnalyzerAgent - ????????????????????????????????????????????????????????????
11:27:21.681 [main] INFO  c.p.p.reports.HtmlReportManager - Combined HTML report initialized: reports/combined-performance-report-2026-04-02_11-27-21.html
11:27:21.687 [main] INFO  c.p.p.reports.HtmlReportManager - Combined report entry added for: Page Load Analysis: vishal.mdx.perforce.com / Signin
11:27:21.687 [main] INFO  c.p.p.reports.HtmlReportManager - Combined report entry added for: Page Load Analysis: vishal.mdx.perforce.com / Home
11:27:21.728 [main] INFO  c.p.p.reports.HtmlReportManager - HTML Report saved: reports/combined-performance-report-2026-04-02_11-27-21.html
11:27:22.451 [main] INFO  c.p.p.reports.ExcelReportManager - Excel report saved: reports\combined-analysis-2026-04-02_11-26-41.xlsx
11:27:22.466 [main] INFO  c.p.p.agent.PageLoadAnalyzerAgent - ??????????????????????????????????????????????????????????
11:27:22.467 [main] INFO  c.p.p.agent.PageLoadAnalyzerAgent -   All 2 URL(s) analyzed.
11:27:22.467 [main] INFO  c.p.p.agent.PageLoadAnalyzerAgent -   Combined HTML  : reports/combined-performance-report-2026-04-02_11-27-21.html
11:27:22.467 [main] INFO  c.p.p.agent.PageLoadAnalyzerAgent -   Combined Excel : reports\combined-analysis-2026-04-02_11-26-41.xlsx
11:27:22.467 [main] INFO  c.p.p.agent.PageLoadAnalyzerAgent - ??????????????????????????????????????????????????????????
11:27:22.472 [main] WARN  c.p.p.tests.PageLoadAnalyzerTest - LCP POOR (9380 ms) for: http://vishal.mdx.perforce.com:3000/#/security/signin
11:27:22.472 [main] WARN  c.p.p.tests.PageLoadAnalyzerTest - LCP POOR (9676 ms) for: http://vishal.mdx.perforce.com:3000/#/home
11:27:22.473 [main] WARN  c.p.p.tests.PageLoadAnalyzerTest - 2 out of 2 URLs have POOR overall performance.
]]></system-out>
    <system-err><![CDATA[Apr 02, 2026 11:26:41 AM org.openqa.selenium.devtools.CdpVersionFinder findNearestMatch
WARNING: Unable to find CDP implementation matching 146
Apr 02, 2026 11:26:41 AM org.openqa.selenium.chromium.ChromiumDriver lambda$new$5
WARNING: Unable to find version of CDP to use for 146.0.7680.167. You may need to include a dependency on a specific version of the CDP using something similar to `org.seleniumhq.selenium:selenium-devtools-v86:4.18.1` where the version ("v86") matches the version of the chromium-based browser you're using and the version number of the artifact is the same as Selenium's.
Apr 02, 2026 11:26:42 AM org.openqa.selenium.devtools.CdpVersionFinder findNearestMatch
WARNING: Unable to find CDP implementation matching 146
Apr 02, 2026 11:26:42 AM org.openqa.selenium.chromium.ChromiumDriver lambda$new$5
WARNING: Unable to find version of CDP to use for 146.0.7680.167. You may need to include a dependency on a specific version of the CDP using something similar to `org.seleniumhq.selenium:selenium-devtools-v86:4.18.1` where the version ("v86") matches the version of the chromium-based browser you're using and the version number of the artifact is the same as Selenium's.
Apr 02, 2026 11:26:57 AM org.openqa.selenium.devtools.CdpVersionFinder findNearestMatch
WARNING: Unable to find CDP implementation matching 146
Apr 02, 2026 11:26:57 AM org.openqa.selenium.chromium.ChromiumDriver lambda$new$5
WARNING: Unable to find version of CDP to use for 146.0.7680.167. You may need to include a dependency on a specific version of the CDP using something similar to `org.seleniumhq.selenium:selenium-devtools-v86:4.18.1` where the version ("v86") matches the version of the chromium-based browser you're using and the version number of the artifact is the same as Selenium's.
]]></system-err>
  </testcase>
</testsuite>