<?xml version="1.0" encoding="UTF-8"?>
<testng-results ignored="0" total="1" passed="1" failed="0" skipped="0">
  <reporter-output>
  </reporter-output>
  <suite started-at="2026-04-02T11:26:39 IST" name="Surefire suite" finished-at="2026-04-02T11:27:22 IST" duration-ms="42813">
    <groups>
    </groups>
    <test started-at="2026-04-02T11:26:39 IST" name="Surefire test" finished-at="2026-04-02T11:27:22 IST" duration-ms="42813">
      <class name="com.perforce.performance.tests.PageLoadAnalyzerTest">
        <test-method is-config="true" signature="initReports()[pri:0, instance:com.perforce.performance.tests.PageLoadAnalyzerTest@2c07545f]" started-at="2026-04-02T11:26:39 IST" name="initReports" finished-at="2026-04-02T11:26:39 IST" duration-ms="173" status="PASS">
          <reporter-output>
          </reporter-output>
        </test-method> <!-- initReports -->
        <test-method is-config="true" signature="setUp(java.lang.reflect.Method)[pri:0, instance:com.perforce.performance.tests.PageLoadAnalyzerTest@2c07545f]" started-at="2026-04-02T11:26:39 IST" name="setUp" finished-at="2026-04-02T11:26:41 IST" duration-ms="1778" status="PASS">
          <params>
            <param index="0">
              <value>
                <![CDATA[public void com.perforce.performance.tests.PageLoadAnalyzerTest.testPageLoadAnalysis(java.lang.String)]]>
              </value>
            </param>
          </params>
          <reporter-output>
          </reporter-output>
        </test-method> <!-- setUp -->
        <test-method signature="testPageLoadAnalysis(java.lang.String)[pri:0, instance:com.perforce.performance.tests.PageLoadAnalyzerTest@2c07545f]" started-at="2026-04-02T11:26:41 IST" name="testPageLoadAnalysis" description="Analyze page load performance for one or more URLs" finished-at="2026-04-02T11:27:22 IST" duration-ms="41008" status="PASS">
          <params>
            <param index="0">
              <value>
                <![CDATA[http://vishal.mdx.perforce.com:3000/#/security/signin,http://vishal.mdx.perforce.com:3000/#/home]]>
              </value>
            </param>
          </params>
          <reporter-output>
          </reporter-output>
        </test-method> <!-- testPageLoadAnalysis -->
        <test-method is-config="true" signature="tearDown(org.testng.ITestResult)[pri:0, instance:com.perforce.performance.tests.PageLoadAnalyzerTest@2c07545f]" started-at="2026-04-02T11:27:22 IST" name="tearDown" finished-at="2026-04-02T11:27:22 IST" duration-ms="1" status="PASS">
          <params>
            <param index="0">
              <value>
                <![CDATA[[TestResult name=testPageLoadAnalysis status=SUCCESS method=PageLoadAnalyzerTest.testPageLoadAnalysis(java.lang.String)[pri:0, instance:com.perforce.performance.tests.PageLoadAnalyzerTest@2c07545f] output={null}]]]>
              </value>
            </param>
          </params>
          <reporter-output>
          </reporter-output>
        </test-method> <!-- tearDown -->
        <test-method is-config="true" signature="flushReports()[pri:0, instance:com.perforce.performance.tests.PageLoadAnalyzerTest@2c07545f]" started-at="2026-04-02T11:27:22 IST" name="flushReports" finished-at="2026-04-02T11:27:22 IST" duration-ms="8" status="PASS">
          <reporter-output>
          </reporter-output>
        </test-method> <!-- flushReports -->
      </class> <!-- com.perforce.performance.tests.PageLoadAnalyzerTest -->
    </test> <!-- Surefire test -->
  </suite> <!-- Surefire suite -->
</testng-results>
